<?xml version="1.0" encoding="UTF-8"?>
<testsuite xmlns:xsi="http://www.w3.org/2001/XMLSchema-instance" xsi:noNamespaceSchemaLocation="https://maven.apache.org/surefire/maven-surefire-plugin/xsd/surefire-test-report.xsd" name="edu.eci.cvds.tdd.aerodescuentos.TarifasTest" time="0.073" tests="10" errors="0" skipped="0" failures="0">
  <properties>
[...]
</properties>
  <testcase name="IfAgeisGreaterThan65ShouldCalculate" classname="edu.eci.cvds.tdd.aerodescuentos.TarifasTest" time="0.006"/>
  <testcase name="IfDaysAreLessThan21ShouldNotChange" classname="edu.eci.cvds.tdd.aerodescuentos.TarifasTest" time="0"/>
  <testcase name="IfTheAgeIsMostThan100ShouldThrowAnException" classname="edu.eci.cvds.tdd.aerodescuentos.TarifasTest" time="0"/>
  <testcase name="ifAgeIsGreaterThan0andLessThan18ShouldCalculate" classname="edu.eci.cvds.tdd.aerodescuentos.TarifasTest" time="0"/>
  <testcase name="IfDaysAreNegativesShouldThrowAnException" classname="edu.eci.cvds.tdd.aerodescuentos.TarifasTest" time="0.001"/>
  <testcase name="ifTheRateIsCorrectShouldCalculate" classname="edu.eci.cvds.tdd.aerodescuentos.TarifasTest" time="0"/>
  <testcase name="IfTheAgeIsNegativeShouldThrowAnException" classname="edu.eci.cvds.tdd.aerodescuentos.TarifasTest" time="0.001"/>
  <testcase name="IfRateIsNegativeShouldThrowAnException" classname="edu.eci.cvds.tdd.aerodescuentos.TarifasTest" time="0"/>
  <testcase name="IfAgeisGreaterThan18andLessThan66ShouldNotChange" classname="edu.eci.cvds.tdd.aerodescuentos.TarifasTest" time="0"/>
  <testcase name="IfDaysAreGreaterThan20ShouldCalculate" classname="edu.eci.cvds.tdd.aerodescuentos.TarifasTest" time="0.001"/>
</testsuite>